app/page.tsx(53,10): error TS1109: Expression expected.
app/page.tsx(54,9): error TS2657: JSX expressions must have one parent element.
app/page.tsx(101,7): error TS1005: ')' expected.
app/page.tsx(102,5): error TS1109: Expression expected.
app/page.tsx(103,3): error TS1109: Expression expected.
